<?xml version="1.0" encoding="UTF-8" ?>
<testsuite errors="0" failures="0" hostname="Laptop-hemma" name="moviegenerator.MovieTest" skipped="0" tests="7" time="0.101" timestamp="2013-11-24T17:00:51">
  <properties>
[...]
</properties>
  <testcase classname="moviegenerator.MovieTest" name="testGetDirector" time="0.002" />
  <testcase classname="moviegenerator.MovieTest" name="testSetTime" time="0.001" />
  <testcase classname="moviegenerator.MovieTest" name="testGetAge" time="0.001" />
  <testcase classname="moviegenerator.MovieTest" name="testGetTime" time="0.0" />
  <testcase classname="moviegenerator.MovieTest" name="testGetGenre" time="0.0" />
  <testcase classname="moviegenerator.MovieTest" name="testGetTitle" time="0.001" />
  <testcase classname="moviegenerator.MovieTest" name="testSetTitle" time="0.0" />
  <system-out><![CDATA[getDirector
setTime
getAge
getTime
getGenre
getTitle
setTitle
]]></system-out>
  <system-err><![CDATA[]]></system-err>
</testsuite>
